app/build/outputs/apk/manifest-merger-debug-report.txt
-- Merging decision tree log ---
manifest
ADDED from AndroidManifest.xml:17:1
	package
		ADDED from AndroidManifest.xml:18:5
		INJECTED from AndroidManifest.xml:0:0
		INJECTED from AndroidManifest.xml:0:0
	xmlns:tools
		ADDED from AndroidManifest.xml:19:5
	android:versionCode
		ADDED from AndroidManifest.xml:20:5
		INJECTED from AndroidManifest.xml:0:0
		INJECTED from AndroidManifest.xml:0:0
	xmlns:android
		ADDED from AndroidManifest.xml:17:11
uses-permission#android.permission.RECEIVE_BOOT_COMPLETED
ADDED from AndroidManifest.xml:22:5
	android:name
		ADDED from AndroidManifest.xml:22:22
uses-permission#android.permission.ACCESS_NETWORK_STATE
ADDED from AndroidManifest.xml:23:5
	android:name
		ADDED from AndroidManifest.xml:23:22
uses-permission#android.permission.INTERNET
ADDED from AndroidManifest.xml:24:5
	android:name
		ADDED from AndroidManifest.xml:24:22
uses-permission#android.permission.VIBRATE
ADDED from AndroidManifest.xml:25:5
	android:name
		ADDED from AndroidManifest.xml:25:22
uses-permission#android.permission.WRITE_EXTERNAL_STORAGE
ADDED from AndroidManifest.xml:26:5
	android:name
		ADDED from AndroidManifest.xml:26:22
uses-permission#android.permission.GET_ACCOUNTS
ADDED from AndroidManifest.xml:27:5
	android:name
		ADDED from AndroidManifest.xml:27:22
uses-permission#android.permission.MANAGE_ACCOUNTS
ADDED from AndroidManifest.xml:28:5
	android:name
		ADDED from AndroidManifest.xml:28:22
uses-permission#android.permission.AUTHENTICATE_ACCOUNTS
ADDED from AndroidManifest.xml:29:5
	android:name
		ADDED from AndroidManifest.xml:29:22
uses-permission#android.permission.READ_SYNC_SETTINGS
ADDED from AndroidManifest.xml:30:5
	android:name
		ADDED from AndroidManifest.xml:30:22
uses-permission#android.permission.WRITE_SYNC_SETTINGS
ADDED from AndroidManifest.xml:31:5
	android:name
		ADDED from AndroidManifest.xml:31:22
uses-permission#android.permission.WRITE_CONTACTS
ADDED from AndroidManifest.xml:32:5
	android:name
		ADDED from AndroidManifest.xml:32:22
uses-permission#android.permission.READ_CONTACTS
ADDED from AndroidManifest.xml:33:5
	android:name
		ADDED from AndroidManifest.xml:33:22
uses-permission#android.permission.READ_CALENDAR
ADDED from AndroidManifest.xml:35:5
	android:name
		ADDED from AndroidManifest.xml:35:22
uses-permission#android.permission.WRITE_CALENDAR
ADDED from AndroidManifest.xml:36:5
	android:name
		ADDED from AndroidManifest.xml:36:22
uses-permission#android.permission.READ_PROFILE
ADDED from AndroidManifest.xml:37:5
	android:name
		ADDED from AndroidManifest.xml:37:22
uses-permission#android.permission.NFC
ADDED from AndroidManifest.xml:38:5
	android:name
		ADDED from AndroidManifest.xml:38:22
uses-permission#android.permission.WAKE_LOCK
ADDED from AndroidManifest.xml:39:5
	android:name
		ADDED from AndroidManifest.xml:39:22
uses-permission#android.permission.READ_PHONE_STATE
ADDED from AndroidManifest.xml:40:5
	android:name
		ADDED from AndroidManifest.xml:40:22
uses-permission#android.permission.DOWNLOAD_WITHOUT_NOTIFICATION
ADDED from AndroidManifest.xml:41:5
	android:name
		ADDED from AndroidManifest.xml:41:22
uses-sdk
ADDED from AndroidManifest.xml:44:5
MERGED from platform_packages_apps_email:common:unspecified:6:5
MERGED from platform_packages_apps_email:chips:unspecified:21:5
MERGED from platform_packages_apps_email:photoviewer:unspecified:22:5
MERGED from com.android.support:appcompat-v7:19.0.0:18:5
MERGED from com.android.support:gridlayout-v7:13.0.0:7:5
MERGED from platform_packages_apps_email.extern:openkeychain-api-lib:unspecified:7:5
MERGED from platform_packages_apps_email.libs:openpgp-api-library:unspecified:7:5
	android:targetSdkVersion
		ADDED from AndroidManifest.xml:44:15
		INJECTED from AndroidManifest.xml:0:0
		INJECTED from AndroidManifest.xml:0:0
	android:minSdkVersion
		ADDED from AndroidManifest.xml:44:45
		INJECTED from AndroidManifest.xml:0:0
		INJECTED from AndroidManifest.xml:0:0
original-package
ADDED from AndroidManifest.xml:48:5
	android:name
		ADDED from AndroidManifest.xml:48:23
permission#com.android.email_ee.permission.READ_ATTACHMENT
ADDED from AndroidManifest.xml:52:5
	android:label
		ADDED from AndroidManifest.xml:56:9
	android:protectionLevel
		ADDED from AndroidManifest.xml:55:9
	android:permissionGroup
		ADDED from AndroidManifest.xml:54:9
	android:description
		ADDED from AndroidManifest.xml:57:9
	android:name
		ADDED from AndroidManifest.xml:53:9
uses-permission#com.android.email.permission.READ_ATTACHMENT
ADDED from AndroidManifest.xml:58:5
	android:name
		ADDED from AndroidManifest.xml:59:9
uses-permission#android.permission.USE_CREDENTIALS
ADDED from AndroidManifest.xml:61:5
	android:name
		ADDED from AndroidManifest.xml:62:9
permission#com.android.email_ee.permission.ACCESS_PROVIDER
ADDED from AndroidManifest.xml:65:5
	android:label
		ADDED from AndroidManifest.xml:68:9
	android:protectionLevel
		ADDED from AndroidManifest.xml:67:9
	android:description
		ADDED from AndroidManifest.xml:69:9
	android:name
		ADDED from AndroidManifest.xml:66:9
application
ADDED from AndroidManifest.xml:73:5
MERGED from com.android.support:appcompat-v7:19.0.0:19:5
MERGED from platform_packages_apps_email.extern:openkeychain-api-lib:unspecified:11:5
MERGED from platform_packages_apps_email.libs:openpgp-api-library:unspecified:11:5
	android:requiredAccountType
		ADDED from AndroidManifest.xml:79:9
	android:label
		ADDED from AndroidManifest.xml:78:9
	android:supportsRtl
		ADDED from AndroidManifest.xml:82:9
	android:hardwareAccelerated
		ADDED from AndroidManifest.xml:81:9
	android:icon
		ADDED from AndroidManifest.xml:77:9
	android:theme
		ADDED from AndroidManifest.xml:80:9
	tools:replace
		ADDED from AndroidManifest.xml:74:9
	android:name
		ADDED from AndroidManifest.xml:75:9
meta-data#android.app.default_searchable
ADDED from AndroidManifest.xml:84:9
	android:value
		ADDED from AndroidManifest.xml:85:13
	android:name
		ADDED from AndroidManifest.xml:84:20
activity#com.android.email_ee.activity.ComposeActivityEmail
ADDED from AndroidManifest.xml:86:9
	android:label
		ADDED from AndroidManifest.xml:88:13
	android:theme
		ADDED from AndroidManifest.xml:89:13
	android:name
		ADDED from AndroidManifest.xml:87:13
intent-filter#android.intent.action.SENDTO+android.intent.action.VIEW+android.intent.category.BROWSABLE+android.intent.category.DEFAULT
ADDED from AndroidManifest.xml:90:13
action#android.intent.action.VIEW
ADDED from AndroidManifest.xml:91:17
	android:name
		ADDED from AndroidManifest.xml:92:21
action#android.intent.action.SENDTO
ADDED from AndroidManifest.xml:93:17
	android:name
		ADDED from AndroidManifest.xml:94:21
data
ADDED from AndroidManifest.xml:95:17
	android:scheme
		ADDED from AndroidManifest.xml:96:21
category#android.intent.category.DEFAULT
ADDED from AndroidManifest.xml:97:17
	android:name
		ADDED from AndroidManifest.xml:98:21
category#android.intent.category.BROWSABLE
ADDED from AndroidManifest.xml:99:17
	android:name
		ADDED from AndroidManifest.xml:100:21
intent-filter#android.intent.action.SEND+android.intent.category.DEFAULT
ADDED from AndroidManifest.xml:102:13
	android:label
		ADDED from AndroidManifest.xml:103:17
action#android.intent.action.SEND
ADDED from AndroidManifest.xml:104:17
	android:name
		ADDED from AndroidManifest.xml:105:21
intent-filter#android.intent.action.SEND_MULTIPLE+android.intent.category.DEFAULT
ADDED from AndroidManifest.xml:111:13
	android:label
		ADDED from AndroidManifest.xml:112:17
action#android.intent.action.SEND_MULTIPLE
ADDED from AndroidManifest.xml:113:17
	android:name
		ADDED from AndroidManifest.xml:114:21
intent-filter#com.android.email.intent.action.REPLY
ADDED from AndroidManifest.xml:120:13
action#com.android.email.intent.action.REPLY
ADDED from AndroidManifest.xml:121:17
	android:name
		ADDED from AndroidManifest.xml:122:21
intent-filter#android.intent.category.DEFAULT+android.nfc.action.NDEF_DISCOVERED
ADDED from AndroidManifest.xml:134:13
action#android.nfc.action.NDEF_DISCOVERED
ADDED from AndroidManifest.xml:135:17
	android:name
		ADDED from AndroidManifest.xml:135:25
activity-alias#com.android.mail.compose.ComposeActivity
ADDED from AndroidManifest.xml:141:9
	android:targetActivity
		ADDED from AndroidManifest.xml:142:13
	android:name
		ADDED from AndroidManifest.xml:141:25
activity#com.android.email_ee.activity.EventViewer
ADDED from AndroidManifest.xml:144:9
	android:label
		ADDED from AndroidManifest.xml:146:13
	android:name
		ADDED from AndroidManifest.xml:145:13
intent-filter#android.intent.action.VIEW+android.intent.category.DEFAULT
ADDED from AndroidManifest.xml:148:13
activity#com.android.mail.ui.FolderSelectionActivity
ADDED from AndroidManifest.xml:160:9
	android:label
		ADDED from AndroidManifest.xml:161:13
	android:name
		ADDED from AndroidManifest.xml:160:19
activity#com.android.email2.ui.MailboxSelectionActivityEmail
ADDED from AndroidManifest.xml:163:9
	android:label
		ADDED from AndroidManifest.xml:164:13
	android:name
		ADDED from AndroidManifest.xml:163:19
intent-filter#android.appwidget.action.APPWIDGET_CONFIGURE
ADDED from AndroidManifest.xml:165:13
action#android.appwidget.action.APPWIDGET_CONFIGURE
ADDED from AndroidManifest.xml:166:17
	android:name
		ADDED from AndroidManifest.xml:166:25
activity#com.android.mail.ui.ShortcutNameActivity
ADDED from AndroidManifest.xml:170:9
	android:label
		ADDED from AndroidManifest.xml:171:13
	android:theme
		ADDED from AndroidManifest.xml:172:13
	android:name
		ADDED from AndroidManifest.xml:170:19
activity#com.android.mail.ui.MailboxSelectionActivity
ADDED from AndroidManifest.xml:175:9
	android:label
		ADDED from AndroidManifest.xml:176:13
	android:name
		ADDED from AndroidManifest.xml:175:19
activity#com.android.email2.ui.CreateShortcutActivityEmail
ADDED from AndroidManifest.xml:182:9
	android:label
		ADDED from AndroidManifest.xml:184:13
	android:theme
		ADDED from AndroidManifest.xml:183:13
	android:name
		ADDED from AndroidManifest.xml:182:19
intent-filter#android.intent.action.CREATE_SHORTCUT+android.intent.category.DEFAULT
ADDED from AndroidManifest.xml:186:13
action#android.intent.action.CREATE_SHORTCUT
ADDED from AndroidManifest.xml:187:17
	android:name
		ADDED from AndroidManifest.xml:187:25
activity#com.android.email2.ui.MailActivityEmail
ADDED from AndroidManifest.xml:193:9
	android:label
		ADDED from AndroidManifest.xml:194:13
	android:windowSoftInputMode
		ADDED from AndroidManifest.xml:197:13
	android:theme
		ADDED from AndroidManifest.xml:196:13
	android:name
		ADDED from AndroidManifest.xml:195:13
intent-filter#android.intent.action.SEARCH+android.intent.category.DEFAULT
ADDED from AndroidManifest.xml:204:13
action#android.intent.action.SEARCH
ADDED from AndroidManifest.xml:205:17
	android:name
		ADDED from AndroidManifest.xml:205:25
meta-data#android.app.searchable
ADDED from AndroidManifest.xml:208:13
	android:resource
		ADDED from AndroidManifest.xml:208:62
	android:name
		ADDED from AndroidManifest.xml:208:24
activity-alias#com.android.email_ee.activity.Welcome
ADDED from AndroidManifest.xml:211:9
	android:label
		ADDED from AndroidManifest.xml:213:13
	android:targetActivity
		ADDED from AndroidManifest.xml:212:13
	android:name
		ADDED from AndroidManifest.xml:211:25
intent-filter#android.intent.action.MAIN+android.intent.category.APP_EMAIL+android.intent.category.DEFAULT+android.intent.category.LAUNCHER
ADDED from AndroidManifest.xml:214:13
action#android.intent.action.MAIN
ADDED from AndroidManifest.xml:215:17
	android:name
		ADDED from AndroidManifest.xml:215:25
category#android.intent.category.LAUNCHER
ADDED from AndroidManifest.xml:217:17
	android:name
		ADDED from AndroidManifest.xml:217:27
category#android.intent.category.APP_EMAIL
ADDED from AndroidManifest.xml:218:17
	android:name
		ADDED from AndroidManifest.xml:218:27
intent-filter#android.intent.action.MAIN+android.intent.action.VIEW+android.intent.category.DEFAULT+android.intent.category.LAUNCHER
ADDED from AndroidManifest.xml:220:13
activity#com.android.email_ee.activity.setup.AccountSetupBasics
ADDED from AndroidManifest.xml:235:9
	android:label
		ADDED from AndroidManifest.xml:237:13
	android:exported
		ADDED from AndroidManifest.xml:238:13
	android:name
		ADDED from AndroidManifest.xml:236:13
intent-filter#android.intent.category.DEFAULT+com.android.email.CREATE_ACCOUNT
ADDED from AndroidManifest.xml:240:13
action#com.android.email.CREATE_ACCOUNT
ADDED from AndroidManifest.xml:241:17
	android:name
		ADDED from AndroidManifest.xml:242:21
activity#com.android.email_ee.activity.setup.AccountSetupType
ADDED from AndroidManifest.xml:247:9
	android:label
		ADDED from AndroidManifest.xml:249:13
	android:name
		ADDED from AndroidManifest.xml:248:13
activity#com.android.email_ee.activity.setup.AccountSetupIncoming
ADDED from AndroidManifest.xml:252:9
	android:label
		ADDED from AndroidManifest.xml:254:13
	android:name
		ADDED from AndroidManifest.xml:253:13
activity#com.android.email_ee.activity.setup.AccountSetupOutgoing
ADDED from AndroidManifest.xml:257:9
	android:label
		ADDED from AndroidManifest.xml:259:13
	android:name
		ADDED from AndroidManifest.xml:258:13
activity#com.android.email_ee.activity.setup.AccountSetupOptions
ADDED from AndroidManifest.xml:262:9
	android:label
		ADDED from AndroidManifest.xml:264:13
	android:name
		ADDED from AndroidManifest.xml:263:13
activity#com.android.email_ee.activity.setup.AccountSetupNames
ADDED from AndroidManifest.xml:267:9
	android:label
		ADDED from AndroidManifest.xml:269:13
	android:name
		ADDED from AndroidManifest.xml:268:13
activity#com.android.email_ee.activity.setup.AccountSettings
ADDED from AndroidManifest.xml:273:9
	android:label
		ADDED from AndroidManifest.xml:275:13
	android:exported
		ADDED from AndroidManifest.xml:276:13
	android:name
		ADDED from AndroidManifest.xml:274:13
intent-filter#android.intent.category.DEFAULT+com.android.email.activity.setup.ACCOUNT_MANAGER_ENTRY
ADDED from AndroidManifest.xml:278:13
action#com.android.email.activity.setup.ACCOUNT_MANAGER_ENTRY
ADDED from AndroidManifest.xml:279:17
	android:name
		ADDED from AndroidManifest.xml:280:21
intent-filter#android.intent.action.EDIT+android.intent.category.DEFAULT
ADDED from AndroidManifest.xml:284:13
action#android.intent.action.EDIT
ADDED from AndroidManifest.xml:285:17
	android:name
		ADDED from AndroidManifest.xml:285:25
intent-filter#android.intent.action.MANAGE_NETWORK_USAGE+android.intent.category.DEFAULT
ADDED from AndroidManifest.xml:293:13
action#android.intent.action.MANAGE_NETWORK_USAGE
ADDED from AndroidManifest.xml:294:17
	android:name
		ADDED from AndroidManifest.xml:294:25
activity#com.android.email_ee.provider.FolderPickerActivity
ADDED from AndroidManifest.xml:298:9
	android:label
		ADDED from AndroidManifest.xml:300:13
	android:name
		ADDED from AndroidManifest.xml:299:13
activity#com.android.email_ee.activity.setup.AccountSecurity
ADDED from AndroidManifest.xml:312:9
	android:label
		ADDED from AndroidManifest.xml:314:13
	android:name
		ADDED from AndroidManifest.xml:313:13
activity#com.android.email_ee.activity.setup.MailboxSettings
ADDED from AndroidManifest.xml:318:9
	android:label
		ADDED from AndroidManifest.xml:320:13
	android:name
		ADDED from AndroidManifest.xml:319:13
activity#com.android.mail.photo.MailPhotoViewActivity
ADDED from AndroidManifest.xml:324:9
	android:label
		ADDED from AndroidManifest.xml:326:13
	android:theme
		ADDED from AndroidManifest.xml:327:13
	android:name
		ADDED from AndroidManifest.xml:325:13
activity#com.android.mail.browse.EmlViewerActivity
ADDED from AndroidManifest.xml:330:9
	android:label
		ADDED from AndroidManifest.xml:332:17
	android:theme
		ADDED from AndroidManifest.xml:333:17
	android:name
		ADDED from AndroidManifest.xml:331:17
provider#com.android.mail.browse.EmailConversationProvider
ADDED from AndroidManifest.xml:344:9
	android:authorities
		ADDED from AndroidManifest.xml:345:13
	android:label
		ADDED from AndroidManifest.xml:346:13
	android:exported
		ADDED from AndroidManifest.xml:347:13
	android:name
		ADDED from AndroidManifest.xml:348:13
grant-uri-permission
ADDED from AndroidManifest.xml:349:13
	android:pathPattern
		ADDED from AndroidManifest.xml:349:35
provider#com.android.mail.providers.EmailAccountCacheProvider
ADDED from AndroidManifest.xml:352:9
	android:authorities
		ADDED from AndroidManifest.xml:353:13
	android:label
		ADDED from AndroidManifest.xml:354:13
	android:exported
		ADDED from AndroidManifest.xml:355:13
	android:name
		ADDED from AndroidManifest.xml:356:13
provider#com.android.mail.providers.EmlAttachmentProvider
ADDED from AndroidManifest.xml:360:9
	android:authorities
		ADDED from AndroidManifest.xml:361:17
	android:exported
		ADDED from AndroidManifest.xml:362:17
	android:name
		ADDED from AndroidManifest.xml:363:17
provider#com.android.mail.providers.SuggestionsProvider
ADDED from AndroidManifest.xml:371:9
	android:authorities
		ADDED from AndroidManifest.xml:372:13
	android:exported
		ADDED from AndroidManifest.xml:373:13
	android:name
		ADDED from AndroidManifest.xml:371:19
service#com.android.mail.compose.EmptyService
ADDED from AndroidManifest.xml:375:9
	android:name
		ADDED from AndroidManifest.xml:375:18
receiver#com.android.email_ee.provider.WidgetProvider
ADDED from AndroidManifest.xml:377:9
	android:label
		ADDED from AndroidManifest.xml:377:59
	android:name
		ADDED from AndroidManifest.xml:377:19
intent-filter#android.appwidget.action.APPWIDGET_UPDATE
ADDED from AndroidManifest.xml:378:13
action#android.appwidget.action.APPWIDGET_UPDATE
ADDED from AndroidManifest.xml:379:17
	android:name
		ADDED from AndroidManifest.xml:379:25
intent-filter#com.android.mail.ACTION_NOTIFY_DATASET_CHANGED
ADDED from AndroidManifest.xml:381:13
action#com.android.mail.ACTION_NOTIFY_DATASET_CHANGED
ADDED from AndroidManifest.xml:382:17
	android:name
		ADDED from AndroidManifest.xml:382:25
intent-filter#com.android.mail.ACTION_UPDATE_WIDGET
ADDED from AndroidManifest.xml:385:13
action#com.android.mail.ACTION_UPDATE_WIDGET
ADDED from AndroidManifest.xml:386:17
	android:name
		ADDED from AndroidManifest.xml:386:25
intent-filter#com.android.mail.ACTION_VALIDATE_ALL_WIDGETS
ADDED from AndroidManifest.xml:389:13
action#com.android.mail.ACTION_VALIDATE_ALL_WIDGETS
ADDED from AndroidManifest.xml:390:17
	android:name
		ADDED from AndroidManifest.xml:390:25
meta-data#android.appwidget.provider
ADDED from AndroidManifest.xml:393:13
	android:resource
		ADDED from AndroidManifest.xml:394:24
	android:name
		ADDED from AndroidManifest.xml:393:24
service#com.android.mail.widget.WidgetService
ADDED from AndroidManifest.xml:396:9
	android:exported
		ADDED from AndroidManifest.xml:398:18
	android:permission
		ADDED from AndroidManifest.xml:397:18
	android:name
		ADDED from AndroidManifest.xml:396:18
receiver#com.android.email_ee.service.AttachmentDownloadService$Watchdog
ADDED from AndroidManifest.xml:402:9
	android:enabled
		ADDED from AndroidManifest.xml:404:13
	android:name
		ADDED from AndroidManifest.xml:403:13
receiver#com.android.email_ee.service.EmailUpgradeBroadcastReceiver
ADDED from AndroidManifest.xml:407:9
	android:enabled
		ADDED from AndroidManifest.xml:409:13
	android:name
		ADDED from AndroidManifest.xml:408:13
intent-filter#android.intent.action.BOOT_COMPLETED+android.intent.action.MY_PACKAGE_REPLACED
ADDED from AndroidManifest.xml:410:13
action#android.intent.action.BOOT_COMPLETED
ADDED from AndroidManifest.xml:411:17
	android:name
		ADDED from AndroidManifest.xml:411:25
action#android.intent.action.MY_PACKAGE_REPLACED
ADDED from AndroidManifest.xml:412:17
	android:name
		ADDED from AndroidManifest.xml:412:25
receiver#com.android.email_ee.service.EmailBroadcastReceiver
ADDED from AndroidManifest.xml:416:9
	android:enabled
		ADDED from AndroidManifest.xml:418:13
	android:name
		ADDED from AndroidManifest.xml:417:13
intent-filter#android.accounts.LOGIN_ACCOUNTS_CHANGED+android.intent.action.BOOT_COMPLETED+android.intent.action.DEVICE_STORAGE_LOW+android.intent.action.DEVICE_STORAGE_OK
ADDED from AndroidManifest.xml:419:13
action#android.intent.action.DEVICE_STORAGE_LOW
ADDED from AndroidManifest.xml:421:17
	android:name
		ADDED from AndroidManifest.xml:421:25
action#android.intent.action.DEVICE_STORAGE_OK
ADDED from AndroidManifest.xml:422:17
	android:name
		ADDED from AndroidManifest.xml:422:25
action#android.accounts.LOGIN_ACCOUNTS_CHANGED
ADDED from AndroidManifest.xml:423:17
	android:name
		ADDED from AndroidManifest.xml:423:25
intent-filter#com.android.mail.action.update_notification
ADDED from AndroidManifest.xml:426:13
action#com.android.mail.action.update_notification
ADDED from AndroidManifest.xml:427:17
	android:priority
		ADDED from AndroidManifest.xml:428:25
	android:name
		ADDED from AndroidManifest.xml:427:25
intent-filter#android.provider.Telephony.SECRET_CODE
ADDED from AndroidManifest.xml:432:13
action#android.provider.Telephony.SECRET_CODE
ADDED from AndroidManifest.xml:433:17
	android:name
		ADDED from AndroidManifest.xml:434:21
service#com.android.email_ee.service.EmailBroadcastProcessorService
ADDED from AndroidManifest.xml:441:9
	android:name
		ADDED from AndroidManifest.xml:442:13
receiver#com.android.email_ee.SecurityPolicy$PolicyAdmin
ADDED from AndroidManifest.xml:445:9
	android:label
		ADDED from AndroidManifest.xml:447:13
	android:permission
		ADDED from AndroidManifest.xml:449:13
	android:description
		ADDED from AndroidManifest.xml:448:13
	android:name
		ADDED from AndroidManifest.xml:446:13
meta-data#android.app.device_admin
ADDED from AndroidManifest.xml:450:13
	android:resource
		ADDED from AndroidManifest.xml:452:17
	android:name
		ADDED from AndroidManifest.xml:451:17
intent-filter#android.app.action.DEVICE_ADMIN_ENABLED
ADDED from AndroidManifest.xml:453:13
action#android.app.action.DEVICE_ADMIN_ENABLED
ADDED from AndroidManifest.xml:454:17
	android:name
		ADDED from AndroidManifest.xml:455:21
service#com.android.email_ee.service.AttachmentDownloadService
ADDED from AndroidManifest.xml:459:9
	android:enabled
		ADDED from AndroidManifest.xml:461:13
	android:name
		ADDED from AndroidManifest.xml:460:13
service#com.android.email_ee.service.Pop3AuthenticatorService
ADDED from AndroidManifest.xml:466:9
	android:enabled
		ADDED from AndroidManifest.xml:469:13
	android:exported
		ADDED from AndroidManifest.xml:468:13
	android:name
		ADDED from AndroidManifest.xml:467:13
intent-filter#android.accounts.AccountAuthenticator
ADDED from AndroidManifest.xml:471:13
action#android.accounts.AccountAuthenticator
ADDED from AndroidManifest.xml:472:17
	android:name
		ADDED from AndroidManifest.xml:473:21
meta-data#android.accounts.AccountAuthenticator
ADDED from AndroidManifest.xml:475:13
	android:resource
		ADDED from AndroidManifest.xml:477:17
	android:name
		ADDED from AndroidManifest.xml:476:17
service#com.android.email_ee.service.ImapAuthenticatorService
ADDED from AndroidManifest.xml:481:9
	android:enabled
		ADDED from AndroidManifest.xml:484:13
	android:exported
		ADDED from AndroidManifest.xml:483:13
	android:name
		ADDED from AndroidManifest.xml:482:13
service#com.android.email_ee.service.Pop3SyncAdapterService
ADDED from AndroidManifest.xml:497:9
	android:exported
		ADDED from AndroidManifest.xml:499:13
	android:name
		ADDED from AndroidManifest.xml:498:13
intent-filter#android.content.SyncAdapter
ADDED from AndroidManifest.xml:500:13
action#android.content.SyncAdapter
ADDED from AndroidManifest.xml:501:17
	android:name
		ADDED from AndroidManifest.xml:502:21
meta-data#android.content.SyncAdapter
ADDED from AndroidManifest.xml:504:13
	android:resource
		ADDED from AndroidManifest.xml:505:24
	android:name
		ADDED from AndroidManifest.xml:504:24
service#com.android.email_ee.service.LegacyImapSyncAdapterService
ADDED from AndroidManifest.xml:508:9
	android:exported
		ADDED from AndroidManifest.xml:510:13
	android:name
		ADDED from AndroidManifest.xml:509:13
service#com.android.email_ee.service.PolicyService
ADDED from AndroidManifest.xml:520:9
	android:enabled
		ADDED from AndroidManifest.xml:522:13
	android:permission
		ADDED from AndroidManifest.xml:523:13
	android:name
		ADDED from AndroidManifest.xml:521:13
intent-filter#com.android.email.POLICY_INTENT
ADDED from AndroidManifest.xml:525:13
action#com.android.email.POLICY_INTENT
ADDED from AndroidManifest.xml:526:17
	android:name
		ADDED from AndroidManifest.xml:527:21
service#com.android.email_ee.service.AccountService
ADDED from AndroidManifest.xml:531:9
	android:enabled
		ADDED from AndroidManifest.xml:533:13
	android:permission
		ADDED from AndroidManifest.xml:534:13
	android:name
		ADDED from AndroidManifest.xml:532:13
intent-filter#com.android.email.ACCOUNT_INTENT
ADDED from AndroidManifest.xml:536:13
action#com.android.email.ACCOUNT_INTENT
ADDED from AndroidManifest.xml:537:17
	android:name
		ADDED from AndroidManifest.xml:538:21
service#com.android.email_ee.service.ImapService
ADDED from AndroidManifest.xml:542:9
	android:enabled
		ADDED from AndroidManifest.xml:544:13
	android:permission
		ADDED from AndroidManifest.xml:545:13
	android:name
		ADDED from AndroidManifest.xml:543:13
intent-filter#com.android.email.IMAP_INTENT
ADDED from AndroidManifest.xml:547:13
action#com.android.email.IMAP_INTENT
ADDED from AndroidManifest.xml:548:17
	android:name
		ADDED from AndroidManifest.xml:549:21
service#com.android.email_ee.service.Pop3Service
ADDED from AndroidManifest.xml:553:9
	android:enabled
		ADDED from AndroidManifest.xml:555:13
	android:permission
		ADDED from AndroidManifest.xml:556:13
	android:name
		ADDED from AndroidManifest.xml:554:13
intent-filter#com.android.email.POP3_INTENT
ADDED from AndroidManifest.xml:558:13
action#com.android.email.POP3_INTENT
ADDED from AndroidManifest.xml:559:17
	android:name
		ADDED from AndroidManifest.xml:560:21
service#com.android.email_ee.service.EasAuthenticatorService
ADDED from AndroidManifest.xml:565:9
	android:enabled
		ADDED from AndroidManifest.xml:568:13
	android:exported
		ADDED from AndroidManifest.xml:567:13
	android:name
		ADDED from AndroidManifest.xml:566:13
service#com.android.email_ee.service.EasTestAuthenticatorService
ADDED from AndroidManifest.xml:580:9
	android:enabled
		ADDED from AndroidManifest.xml:583:13
	android:exported
		ADDED from AndroidManifest.xml:582:13
	android:name
		ADDED from AndroidManifest.xml:581:13
service#com.android.email_ee.service.EasAuthenticatorServiceAlternate
ADDED from AndroidManifest.xml:598:9
	android:enabled
		ADDED from AndroidManifest.xml:601:13
	android:exported
		ADDED from AndroidManifest.xml:600:13
	android:name
		ADDED from AndroidManifest.xml:599:13
service#com.android.email_ee.service.LegacyImapAuthenticatorService
ADDED from AndroidManifest.xml:613:9
	android:enabled
		ADDED from AndroidManifest.xml:616:13
	android:exported
		ADDED from AndroidManifest.xml:615:13
	android:name
		ADDED from AndroidManifest.xml:614:13
provider#com.android.email_ee.provider.AttachmentProvider
ADDED from AndroidManifest.xml:628:9
	android:readPermission
		ADDED from AndroidManifest.xml:633:13
	android:authorities
		ADDED from AndroidManifest.xml:630:13
	android:grantUriPermissions
		ADDED from AndroidManifest.xml:631:13
	android:exported
		ADDED from AndroidManifest.xml:632:13
	android:name
		ADDED from AndroidManifest.xml:629:13
provider#com.android.email_ee.provider.EmailProvider
ADDED from AndroidManifest.xml:638:9
	android:authorities
		ADDED from AndroidManifest.xml:640:13
	android:label
		ADDED from AndroidManifest.xml:643:13
	android:exported
		ADDED from AndroidManifest.xml:641:13
	android:permission
		ADDED from AndroidManifest.xml:642:13
	android:name
		ADDED from AndroidManifest.xml:639:13
service#com.android.email_ee.service.LegacyEmailAuthenticatorService
ADDED from AndroidManifest.xml:648:9
	android:enabled
		ADDED from AndroidManifest.xml:651:13
	android:exported
		ADDED from AndroidManifest.xml:650:13
	android:name
		ADDED from AndroidManifest.xml:649:13
service#com.android.email_ee.service.LegacyEasAuthenticatorService
ADDED from AndroidManifest.xml:665:9
	android:enabled
		ADDED from AndroidManifest.xml:668:13
	android:exported
		ADDED from AndroidManifest.xml:667:13
	android:name
		ADDED from AndroidManifest.xml:666:13
service#com.android.email_ee.EmailIntentService
ADDED from AndroidManifest.xml:680:9
	android:exported
		ADDED from AndroidManifest.xml:681:18
	android:name
		ADDED from AndroidManifest.xml:680:18
intent-filter#android.intent.action.LOCALE_CHANGED+com.android.mail.action.RESEND_NOTIFICATIONS
ADDED from AndroidManifest.xml:682:13
action#android.intent.action.LOCALE_CHANGED
ADDED from AndroidManifest.xml:683:17
	android:name
		ADDED from AndroidManifest.xml:683:25
action#com.android.mail.action.RESEND_NOTIFICATIONS
ADDED from AndroidManifest.xml:684:17
	android:name
		ADDED from AndroidManifest.xml:684:25
intent-filter#com.android.mail.action.CLEAR_NEW_MAIL_NOTIFICATIONS
ADDED from AndroidManifest.xml:686:13
action#com.android.mail.action.CLEAR_NEW_MAIL_NOTIFICATIONS
ADDED from AndroidManifest.xml:687:17
	android:name
		ADDED from AndroidManifest.xml:687:25
service#com.android.mail.NotificationActionIntentService
ADDED from AndroidManifest.xml:692:9
	android:exported
		ADDED from AndroidManifest.xml:693:19
	android:name
		ADDED from AndroidManifest.xml:692:18
intent-filter#com.android.mail.action.notification.ARCHIVE+com.android.mail.action.notification.DELETE+com.android.mail.action.notification.DESTRUCT+com.android.mail.action.notification.FORWARD+com.android.mail.action.notification.MARK_READ+com.android.mail.action.notification.REPLY+com.android.mail.action.notification.REPLY_ALL+com.android.mail.action.notification.UNDO+com.android.mail.action.notification.UNDO_TIMEOUT
ADDED from AndroidManifest.xml:694:13
action#com.android.mail.action.notification.MARK_READ
ADDED from AndroidManifest.xml:695:17
	android:name
		ADDED from AndroidManifest.xml:695:25
action#com.android.mail.action.notification.ARCHIVE
ADDED from AndroidManifest.xml:696:17
	android:name
		ADDED from AndroidManifest.xml:696:25